Traceback (most recent call last):
  File "C:\Users\Louis\anaconda3\envs\jbook\Lib\site-packages\jupyter_core\utils\__init__.py", line 154, in wrapped
    asyncio.get_running_loop()
RuntimeError: no running event loop

During handling of the above exception, another exception occurred:

Traceback (most recent call last):
  File "C:\Users\Louis\anaconda3\envs\jbook\Lib\site-packages\jupyter_cache\executors\utils.py", line 58, in single_nb_execution
    executenb(
  File "C:\Users\Louis\anaconda3\envs\jbook\Lib\site-packages\nbclient\client.py", line 1319, in execute
    return NotebookClient(nb=nb, resources=resources, km=km, **kwargs).execute()
           ^^^^^^^^^^^^^^^^^^^^^^^^^^^^^^^^^^^^^^^^^^^^^^^^^^^^^^^^^^^^^^^^^^^^^
  File "C:\Users\Louis\anaconda3\envs\jbook\Lib\site-packages\jupyter_core\utils\__init__.py", line 158, in wrapped
    return loop.run_until_complete(inner)
           ^^^^^^^^^^^^^^^^^^^^^^^^^^^^^^
  File "C:\Users\Louis\anaconda3\envs\jbook\Lib\asyncio\base_events.py", line 654, in run_until_complete
    return future.result()
           ^^^^^^^^^^^^^^^
  File "C:\Users\Louis\anaconda3\envs\jbook\Lib\site-packages\nbclient\client.py", line 709, in async_execute
    await self.async_execute_cell(
  File "C:\Users\Louis\anaconda3\envs\jbook\Lib\site-packages\nbclient\client.py", line 1062, in async_execute_cell
    await self._check_raise_for_error(cell, cell_index, exec_reply)
  File "C:\Users\Louis\anaconda3\envs\jbook\Lib\site-packages\nbclient\client.py", line 918, in _check_raise_for_error
    raise CellExecutionError.from_cell_and_msg(cell, exec_reply_content)
nbclient.exceptions.CellExecutionError: An error occurred while executing the following cell:
------------------
# ── 4e. Equity curve + drawdown chart ────────────────────────────────────
fig = make_subplots(rows=2, cols=1, shared_xaxes=True,
                    vertical_spacing=0.03, row_heights=[0.7, 0.3],
                    subplot_titles=("Cumulative Return (log scale)", "Drawdown"))

fig.add_trace(go.Scatter(x=cum_strat.index, y=cum_strat.values.flatten(),
    name=f"Strategy  (Sharpe {sharpe:.2f})",
    line=dict(color='#00FFCC', width=2), fill='tozeroy',
    fillcolor='rgba(0,255,204,0.05)'), row=1, col=1)
fig.add_trace(go.Scatter(x=cum_ndq.index, y=cum_ndq.values.flatten(),
    name=f"Nasdaq    (Sharpe {sharpe_n:.2f})",
    line=dict(color='#FFD700', dash='dot', width=1.5)), row=1, col=1)

fig.add_trace(go.Scatter(x=strat_dd.index, y=strat_dd.values.flatten(),
    fill='tozeroy', name="Strategy DD",
    line=dict(color='crimson', width=1),
    fillcolor='rgba(220,20,60,0.2)'), row=2, col=1)
fig.add_trace(go.Scatter(x=ndq_dd.index, y=ndq_dd.values.flatten(),
    name="Nasdaq DD", line=dict(color='#FFD700', width=1, dash='dot')), row=2, col=1)

fig.update_yaxes(type="log", row=1, col=1)
fig.update_layout(height=750, template="plotly_dark", hovermode="x unified",
    title=dict(text=f"<b>Nasdaq-100 Momentum Waterfall</b>  |  CAGR {cagr:.1%}  |  "
                    f"Sharpe {sharpe:.2f}  |  Max DD {max_dd:.1%}", x=0.01))
fig.show()

------------------


[31m---------------------------------------------------------------------------[39m
[31mValueError[39m                                Traceback (most recent call last)
[36mCell[39m[36m [39m[32mIn[7][39m[32m, line 25[39m
[32m     21[39m fig.update_yaxes([38;5;28mtype[39m=[33m"[39m[33mlog[39m[33m"[39m, row=[32m1[39m, col=[32m1[39m)
[32m     22[39m fig.update_layout(height=[32m750[39m, template=[33m"[39m[33mplotly_dark[39m[33m"[39m, hovermode=[33m"[39m[33mx unified[39m[33m"[39m,
[32m     23[39m     title=[38;5;28mdict[39m(text=[33mf[39m[33m"[39m[33m<b>Nasdaq-100 Momentum Waterfall</b>  |  CAGR [39m[38;5;132;01m{[39;00mcagr[38;5;132;01m:[39;00m[33m.1%[39m[38;5;132;01m}[39;00m[33m  |  [39m[33m"[39m
[32m     24[39m                     [33mf[39m[33m"[39m[33mSharpe [39m[38;5;132;01m{[39;00msharpe[38;5;132;01m:[39;00m[33m.2f[39m[38;5;132;01m}[39;00m[33m  |  Max DD [39m[38;5;132;01m{[39;00mmax_dd[38;5;132;01m:[39;00m[33m.1%[39m[38;5;132;01m}[39;00m[33m"[39m, x=[32m0.01[39m))
[32m---> [39m[32m25[39m [43mfig[49m[43m.[49m[43mshow[49m[43m([49m[43m)[49m

[36mFile [39m[32m~\anaconda3\envs\jbook\Lib\site-packages\plotly\basedatatypes.py:3420[39m, in [36mBaseFigure.show[39m[34m(self, *args, **kwargs)[39m
[32m   3387[39m [38;5;250m[39m[33;03m"""[39;00m
[32m   3388[39m [33;03mShow a figure using either the default renderer(s) or the renderer(s)[39;00m
[32m   3389[39m [33;03mspecified by the renderer argument[39;00m
[32m   (...)[39m[32m   3416[39m [33;03mNone[39;00m
[32m   3417[39m [33;03m"""[39;00m
[32m   3418[39m [38;5;28;01mimport[39;00m[38;5;250m [39m[34;01mplotly[39;00m[34;01m.[39;00m[34;01mio[39;00m[38;5;250m [39m[38;5;28;01mas[39;00m[38;5;250m [39m[34;01mpio[39;00m
[32m-> [39m[32m3420[39m [38;5;28;01mreturn[39;00m [43mpio[49m[43m.[49m[43mshow[49m[43m([49m[38;5;28;43mself[39;49m[43m,[49m[43m [49m[43m*[49m[43margs[49m[43m,[49m[43m [49m[43m*[49m[43m*[49m[43mkwargs[49m[43m)[49m

[36mFile [39m[32m~\anaconda3\envs\jbook\Lib\site-packages\plotly\io\_renderers.py:407[39m, in [36mshow[39m[34m(fig, renderer, validate, **kwargs)[39m
[32m    404[39m fig_dict = validate_coerce_fig_to_dict(fig, validate)
[32m    406[39m [38;5;66;03m# Mimetype renderers[39;00m
[32m--> [39m[32m407[39m bundle = [43mrenderers[49m[43m.[49m[43m_build_mime_bundle[49m[43m([49m[43mfig_dict[49m[43m,[49m[43m [49m[43mrenderers_string[49m[43m=[49m[43mrenderer[49m[43m,[49m[43m [49m[43m*[49m[43m*[49m[43mkwargs[49m[43m)[49m
[32m    408[39m [38;5;28;01mif[39;00m bundle:
[32m    409[39m     [38;5;28;01mif[39;00m [38;5;129;01mnot[39;00m ipython_display:

[36mFile [39m[32m~\anaconda3\envs\jbook\Lib\site-packages\plotly\io\_renderers.py:315[39m, in [36mRenderersConfig._build_mime_bundle[39m[34m(self, fig_dict, renderers_string, **kwargs)[39m
[32m    312[39m             [38;5;28;01mif[39;00m [38;5;28mhasattr[39m(renderer, k):
[32m    313[39m                 [38;5;28msetattr[39m(renderer, k, v)
[32m--> [39m[32m315[39m         bundle.update([43mrenderer[49m[43m.[49m[43mto_mimebundle[49m[43m([49m[43mfig_dict[49m[43m)[49m)
[32m    317[39m [38;5;28;01mreturn[39;00m bundle

[36mFile [39m[32m~\anaconda3\envs\jbook\Lib\site-packages\plotly\io\_base_renderers.py:123[39m, in [36mImageRenderer.to_mimebundle[39m[34m(self, fig_dict)[39m
[32m    122[39m [38;5;28;01mdef[39;00m[38;5;250m [39m[34mto_mimebundle[39m([38;5;28mself[39m, fig_dict):
[32m--> [39m[32m123[39m     image_bytes = [43mto_image[49m[43m([49m
[32m    124[39m [43m        [49m[43mfig_dict[49m[43m,[49m
[32m    125[39m [43m        [49m[38;5;28;43mformat[39;49m[43m=[49m[38;5;28;43mself[39;49m[43m.[49m[43mformat[49m[43m,[49m
[32m    126[39m [43m        [49m[43mwidth[49m[43m=[49m[38;5;28;43mself[39;49m[43m.[49m[43mwidth[49m[43m,[49m
[32m    127[39m [43m        [49m[43mheight[49m[43m=[49m[38;5;28;43mself[39;49m[43m.[49m[43mheight[49m[43m,[49m
[32m    128[39m [43m        [49m[43mscale[49m[43m=[49m[38;5;28;43mself[39;49m[43m.[49m[43mscale[49m[43m,[49m
[32m    129[39m [43m        [49m[43mvalidate[49m[43m=[49m[38;5;28;43;01mFalse[39;49;00m[43m,[49m
[32m    130[39m [43m        [49m[43mengine[49m[43m=[49m[38;5;28;43mself[39;49m[43m.[49m[43mengine[49m[43m,[49m
[32m    131[39m [43m    [49m[43m)[49m
[32m    133[39m     [38;5;28;01mif[39;00m [38;5;28mself[39m.b64_encode:
[32m    134[39m         image_str = base64.b64encode(image_bytes).decode([33m"[39m[33mutf8[39m[33m"[39m)

[36mFile [39m[32m~\anaconda3\envs\jbook\Lib\site-packages\plotly\io\_kaleido.py:345[39m, in [36mto_image[39m[34m(fig, format, width, height, scale, validate, engine)[39m
[32m    343[39m     [38;5;66;03m# Raise informative error message if Kaleido is not installed[39;00m
[32m    344[39m     [38;5;28;01mif[39;00m [38;5;129;01mnot[39;00m kaleido_available():
[32m--> [39m[32m345[39m         [38;5;28;01mraise[39;00m [38;5;167;01mValueError[39;00m(
[32m    346[39m [38;5;250m            [39m[33;03m"""[39;00m
[32m    347[39m [33;03mImage export using the "kaleido" engine requires the Kaleido package,[39;00m
[32m    348[39m [33;03mwhich can be installed using pip:[39;00m
[32m    349[39m 
[32m    350[39m [33;03m    $ pip install --upgrade kaleido[39;00m
[32m    351[39m [33;03m"""[39;00m
[32m    352[39m         )
[32m    354[39m     [38;5;66;03m# Convert figure to dict (and validate if requested)[39;00m
[32m    355[39m     fig_dict = validate_coerce_fig_to_dict(fig, validate)

[31mValueError[39m: 
Image export using the "kaleido" engine requires the Kaleido package,
which can be installed using pip:

    $ pip install --upgrade kaleido


